# JRE version: OpenJDK Runtime Environment (16.0.1+9) (build 16.0.1+9-24)
# Java VM: OpenJDK 64-Bit Server VM (16.0.1+9-24, mixed mode, sharing, tiered, compressed oops, compressed class ptrs, g1 gc, windows-amd64)
GC Precious Log:
 CPUs: 4 total, 4 available
 Memory: 3285M
 Large Page Support: Disabled
 NUMA Support: Disabled
 Compressed Oops: Enabled (32-bit)
 Heap Region Size: 1M
 Heap Min Capacity: 8M
 Heap Initial Capacity: 52M
 Heap Max Capacity: 822M
 Pre-touch: Disabled
 Parallel Workers: 4
 Concurrent Workers: 1
 Concurrent Refinement Workers: 4
 Periodic GC: Disabled
Heap:
 garbage-first heap   total 45056K, used 19027K [0x00000000cca00000, 0x0000000100000000)
  region size 1024K, 3 young (3072K), 2 survivors (2048K)
 Metaspace       used 43835K, committed 44160K, reserved 1089536K
  class space    used 5876K, committed 6016K, reserved 1048576K
GC Heap History (20 events):
Event: 6.119 GC heap before
{Heap before GC invocations=4 (full 0):
 garbage-first heap   total 53248K, used 34143K [0x00000000cca00000, 0x0000000100000000)
  region size 1024K, 29 young (29696K), 4 survivors (4096K)
 Metaspace       used 15266K, committed 15488K, reserved 1064960K
  class space    used 1838K, committed 1920K, reserved 1048576K
}
Event: 6.125 GC heap after
{Heap after GC invocations=5 (full 0):
 garbage-first heap   total 53248K, used 9707K [0x00000000cca00000, 0x0000000100000000)
  region size 1024K, 2 young (2048K), 2 survivors (2048K)
 Metaspace       used 15266K, committed 15488K, reserved 1064960K
  class space    used 1838K, committed 1920K, reserved 1048576K
}
Event: 7.024 GC heap before
{Heap before GC invocations=5 (full 0):
 garbage-first heap   total 53248K, used 37355K [0x00000000cca00000, 0x0000000100000000)
  region size 1024K, 30 young (30720K), 2 survivors (2048K)
 Metaspace       used 17254K, committed 17536K, reserved 1064960K
  class space    used 2061K, committed 2176K, reserved 1048576K
}
Event: 7.029 GC heap after
{Heap after GC invocations=6 (full 0):
 garbage-first heap   total 53248K, used 10560K [0x00000000cca00000, 0x0000000100000000)
  region size 1024K, 3 young (3072K), 3 survivors (3072K)
 Metaspace       used 17254K, committed 17536K, reserved 1064960K
  class space    used 2061K, committed 2176K, reserved 1048576K
}
Event: 8.499 GC heap before
{Heap before GC invocations=6 (full 0):
 garbage-first heap   total 53248K, used 31040K [0x00000000cca00000, 0x0000000100000000)
  region size 1024K, 25 young (25600K), 3 survivors (3072K)
 Metaspace       used 20928K, committed 21248K, reserved 1073152K
  class space    used 2559K, committed 2752K, reserved 1048576K
}
Event: 8.511 GC heap after
{Heap after GC invocations=7 (full 0):
 garbage-first heap   total 53248K, used 12140K [0x00000000cca00000, 0x0000000100000000)
  region size 1024K, 3 young (3072K), 3 survivors (3072K)
 Metaspace       used 20928K, committed 21248K, reserved 1073152K
  class space    used 2559K, committed 2752K, reserved 1048576K
}
Event: 10.095 GC heap before
{Heap before GC invocations=8 (full 0):
 garbage-first heap   total 45056K, used 34668K [0x00000000cca00000, 0x0000000100000000)
  region size 1024K, 26 young (26624K), 3 survivors (3072K)
 Metaspace       used 25286K, committed 25600K, reserved 1073152K
  class space    used 3118K, committed 3264K, reserved 1048576K
}
Event: 10.109 GC heap after
{Heap after GC invocations=9 (full 0):
 garbage-first heap   total 45056K, used 14346K [0x00000000cca00000, 0x0000000100000000)
  region size 1024K, 4 young (4096K), 4 survivors (4096K)
 Metaspace       used 25286K, committed 25600K, reserved 1073152K
  class space    used 3118K, committed 3264K, reserved 1048576K
}
Event: 10.117 GC heap before
{Heap before GC invocations=9 (full 0):
 garbage-first heap   total 45056K, used 31754K [0x00000000cca00000, 0x0000000100000000)
  region size 1024K, 22 young (22528K), 4 survivors (4096K)
 Metaspace       used 25286K, committed 25600K, reserved 1073152K
  class space    used 3118K, committed 3264K, reserved 1048576K
}
Event: 10.127 GC heap after
{Heap after GC invocations=10 (full 0):
 garbage-first heap   total 45056K, used 14243K [0x00000000cca00000, 0x0000000100000000)
  region size 1024K, 1 young (1024K), 1 survivors (1024K)
 Metaspace       used 25286K, committed 25600K, reserved 1073152K
  class space    used 3118K, committed 3264K, reserved 1048576K
}
Event: 10.268 GC heap before
{Heap before GC invocations=10 (full 0):
 garbage-first heap   total 45056K, used 32675K [0x00000000cca00000, 0x0000000100000000)
  region size 1024K, 20 young (20480K), 1 survivors (1024K)
 Metaspace       used 25770K, committed 26048K, reserved 1073152K
  class space    used 3177K, committed 3328K, reserved 1048576K
}
Event: 10.270 GC heap after
{Heap after GC invocations=11 (full 0):
 garbage-first heap   total 45056K, used 14520K [0x00000000cca00000, 0x0000000100000000)
  region size 1024K, 1 young (1024K), 1 survivors (1024K)
 Metaspace       used 25770K, committed 26048K, reserved 1073152K
  class space    used 3177K, committed 3328K, reserved 1048576K
}
Event: 11.582 GC heap before
{Heap before GC invocations=11 (full 0):
 garbage-first heap   total 45056K, used 33976K [0x00000000cca00000, 0x0000000100000000)
  region size 1024K, 21 young (21504K), 1 survivors (1024K)
 Metaspace       used 30932K, committed 31232K, reserved 1081344K
  class space    used 3788K, committed 3904K, reserved 1048576K
}
Event: 11.588 GC heap after
{Heap after GC invocations=12 (full 0):
 garbage-first heap   total 45056K, used 15991K [0x00000000cca00000, 0x0000000100000000)
  region size 1024K, 2 young (2048K), 2 survivors (2048K)
 Metaspace       used 30932K, committed 31232K, reserved 1081344K
  class space    used 3788K, committed 3904K, reserved 1048576K
}
Event: 12.663 GC heap before
{Heap before GC invocations=12 (full 0):
 garbage-first heap   total 45056K, used 33399K [0x00000000cca00000, 0x0000000100000000)
  region size 1024K, 20 young (20480K), 2 survivors (2048K)
 Metaspace       used 35184K, committed 35520K, reserved 1081344K
  class space    used 4606K, committed 4800K, reserved 1048576K
}
Event: 12.669 GC heap after
{Heap after GC invocations=13 (full 0):
 garbage-first heap   total 45056K, used 17137K [0x00000000cca00000, 0x0000000100000000)
  region size 1024K, 2 young (2048K), 2 survivors (2048K)
 Metaspace       used 35184K, committed 35520K, reserved 1081344K
  class space    used 4606K, committed 4800K, reserved 1048576K
}
Event: 15.614 GC heap before
{Heap before GC invocations=14 (full 0):
 garbage-first heap   total 45056K, used 33521K [0x00000000cca00000, 0x0000000100000000)
  region size 1024K, 19 young (19456K), 2 survivors (2048K)
 Metaspace       used 39868K, committed 40192K, reserved 1089536K
  class space    used 5192K, committed 5376K, reserved 1048576K
}
Event: 15.622 GC heap after
{Heap after GC invocations=15 (full 0):
 garbage-first heap   total 45056K, used 18192K [0x00000000cca00000, 0x0000000100000000)
  region size 1024K, 3 young (3072K), 3 survivors (3072K)
 Metaspace       used 39868K, committed 40192K, reserved 1089536K
  class space    used 5192K, committed 5376K, reserved 1048576K
}
Event: 17.586 GC heap before
{Heap before GC invocations=15 (full 0):
 garbage-first heap   total 45056K, used 34576K [0x00000000cca00000, 0x0000000100000000)
  region size 1024K, 19 young (19456K), 3 survivors (3072K)
 Metaspace       used 43791K, committed 44096K, reserved 1089536K
  class space    used 5873K, committed 6016K, reserved 1048576K
}
Event: 17.592 GC heap after
{Heap after GC invocations=16 (full 0):
 garbage-first heap   total 45056K, used 19027K [0x00000000cca00000, 0x0000000100000000)
  region size 1024K, 2 young (2048K), 2 survivors (2048K)
 Metaspace       used 43791K, committed 44096K, reserved 1089536K
  class space    used 5873K, committed 6016K, reserved 1048576K
}

